\BOOKMARK [1][-]{section.1}{\376\377\000I\000n\000t\000r\000o\000d\000u\000c\000t\000i\000o\000n}{}% 1
\BOOKMARK [1][-]{section.2}{\376\377\000R\000e\000l\000a\000t\000e\000d\000\040\000w\000o\000r\000k}{}% 2
\BOOKMARK [1][-]{section.3}{\376\377\000D\000a\000t\000a\000s\000e\000t\000\040\000D\000e\000s\000c\000r\000i\000p\000t\000i\000o\000n}{}% 3
\BOOKMARK [1][-]{section.4}{\376\377\000D\000a\000t\000a\000\040\000P\000r\000e\000p\000r\000o\000c\000e\000s\000s\000i\000n\000g}{}% 4
\BOOKMARK [2][-]{subsection.4.1}{\376\377\000D\000a\000t\000a\000\040\000e\000x\000t\000r\000a\000c\000t\000i\000o\000n}{section.4}% 5
\BOOKMARK [2][-]{subsection.4.2}{\376\377\000I\000m\000a\000g\000e\000\040\000P\000r\000o\000c\000e\000s\000s\000i\000n\000g}{section.4}% 6
\BOOKMARK [2][-]{subsection.4.3}{\376\377\000A\000n\000n\000o\000t\000a\000t\000i\000o\000n\000\040\000C\000o\000n\000v\000e\000r\000s\000i\000o\000n\000\040\000\050\000C\000O\000C\000O\000\040\000F\000o\000r\000m\000a\000t\000\051}{section.4}% 7
\BOOKMARK [2][-]{subsection.4.4}{\376\377\000D\000a\000t\000a\000\040\000c\000l\000e\000a\000n\000i\000n\000g}{section.4}% 8
\BOOKMARK [2][-]{subsection.4.5}{\376\377\000D\000a\000t\000a\000\040\000S\000p\000l\000i\000t\000t\000i\000n\000g}{section.4}% 9
\BOOKMARK [2][-]{subsection.4.6}{\376\377\000C\000o\000n\000v\000e\000r\000s\000i\000o\000n\000\040\000t\000o\000\040\000Y\000O\000L\000O\000\040\000F\000o\000r\000m\000a\000t}{section.4}% 10
\BOOKMARK [1][-]{section.5}{\376\377\000M\000e\000t\000h\000o\000d\000o\000l\000o\000g\000y}{}% 11
\BOOKMARK [2][-]{subsection.5.1}{\376\377\000M\000o\000d\000e\000l\000s\000\040\000O\000v\000e\000r\000v\000i\000e\000w}{section.5}% 12
\BOOKMARK [3][-]{subsubsection.5.1.1}{\376\377\000Y\000O\000L\000O\000v\0008\000\040\000\050\000O\000n\000e\000-\000s\000t\000a\000g\000e\000\040\000d\000e\000t\000e\000c\000t\000o\000r\000\051}{subsection.5.1}% 13
\BOOKMARK [3][-]{subsubsection.5.1.2}{\376\377\000F\000a\000s\000t\000e\000r\000\040\000R\000-\000C\000N\000N\000\040\000\050\000T\000w\000o\000-\000s\000t\000a\000g\000e\000\040\000d\000e\000t\000e\000c\000t\000o\000r\000\051}{subsection.5.1}% 14
\BOOKMARK [3][-]{subsubsection.5.1.3}{\376\377\000R\000e\000t\000i\000n\000a\000N\000e\000t\000\040\000\050\000O\000n\000e\000-\000s\000t\000a\000g\000e\000\040\000d\000e\000t\000e\000c\000t\000o\000r\000\040\000w\000i\000t\000h\000\040\000F\000o\000c\000a\000l\000\040\000L\000o\000s\000s\000\051}{subsection.5.1}% 15
\BOOKMARK [3][-]{subsubsection.5.1.4}{\376\377\000R\000T\000-\000D\000E\000T\000R\000\040\000\050\000T\000r\000a\000n\000s\000f\000o\000r\000m\000e\000r\000-\000b\000a\000s\000e\000d\000\040\000d\000e\000t\000e\000c\000t\000o\000r\000\051}{subsection.5.1}% 16
\BOOKMARK [2][-]{subsection.5.2}{\376\377\000T\000r\000a\000i\000n\000i\000n\000g\000\040\000S\000e\000t\000u\000p}{section.5}% 17
\BOOKMARK [2][-]{subsection.5.3}{\376\377\000D\000a\000t\000a\000\040\000H\000a\000n\000d\000l\000i\000n\000g\000\040\000S\000t\000r\000a\000t\000e\000g\000y}{section.5}% 18
\BOOKMARK [1][-]{section.6}{\376\377\000E\000x\000p\000e\000r\000i\000m\000e\000n\000t\000s\000\040\000a\000n\000d\000\040\000E\000v\000a\000l\000u\000a\000t\000i\000o\000n}{}% 19
\BOOKMARK [2][-]{subsection.6.1}{\376\377\000E\000v\000a\000l\000u\000a\000t\000i\000o\000n\000\040\000M\000e\000t\000r\000i\000c\000s}{section.6}% 20
\BOOKMARK [3][-]{subsubsection.6.1.1}{\376\377\000D\000e\000t\000e\000c\000t\000i\000o\000n\000\040\000M\000e\000t\000r\000i\000c\000s}{subsection.6.1}% 21
\BOOKMARK [3][-]{subsubsection.6.1.2}{\376\377\000C\000l\000a\000s\000s\000i\000f\000i\000c\000a\000t\000i\000o\000n\000\040\000M\000e\000t\000r\000i\000c\000s}{subsection.6.1}% 22
\BOOKMARK [3][-]{subsubsection.6.1.3}{\376\377\000C\000o\000n\000f\000u\000s\000i\000o\000n\000\040\000M\000a\000t\000r\000i\000x}{subsection.6.1}% 23
\BOOKMARK [3][-]{subsubsection.6.1.4}{\376\377\000Y\000O\000L\000O\000\040\000E\000v\000a\000l\000u\000a\000t\000i\000o\000n\000\040\000\050\000U\000l\000t\000r\000a\000l\000y\000t\000i\000c\000s\000\051}{subsection.6.1}% 24
\BOOKMARK [2][-]{subsection.6.2}{\376\377\000E\000x\000p\000e\000r\000i\000m\000e\000n\000t\000a\000l\000\040\000S\000e\000t\000u\000p}{section.6}% 25
\BOOKMARK [2][-]{subsection.6.3}{\376\377\000E\000x\000p\000e\000r\000i\000m\000e\000n\000t\000a\000l\000\040\000S\000e\000t\000u\000p}{section.6}% 26
\BOOKMARK [1][-]{section.7}{\376\377\000R\000e\000s\000u\000l\000t\000s}{}% 27
\BOOKMARK [2][-]{subsection.7.1}{\376\377\000F\000a\000s\000t\000e\000r\000\040\000R\000-\000C\000N\000N\000\040\000R\000e\000s\000u\000l\000t\000s}{section.7}% 28
\BOOKMARK [2][-]{subsection.7.2}{\376\377\000Y\000O\000L\000O\000\040\000R\000e\000s\000u\000l\000t\000s}{section.7}% 29
\BOOKMARK [2][-]{subsection.7.3}{\376\377\000R\000e\000t\000i\000n\000a\000N\000e\000t\000\040\000R\000e\000s\000u\000l\000t\000s}{section.7}% 30
\BOOKMARK [2][-]{subsection.7.4}{\376\377\000R\000T\000-\000D\000E\000T\000R\000\040\000R\000e\000s\000u\000l\000t\000s}{section.7}% 31
\BOOKMARK [1][-]{section.8}{\376\377\000D\000i\000s\000c\000u\000s\000s\000i\000o\000n}{}% 32
\BOOKMARK [1][-]{section.9}{\376\377\000C\000o\000n\000c\000l\000u\000s\000i\000o\000n}{}% 33
